<?xml version="1.0" encoding="UTF-8"?>
<testsuite xmlns:xsi="http://www.w3.org/2001/XMLSchema-instance" xsi:noNamespaceSchemaLocation="https://maven.apache.org/surefire/maven-surefire-plugin/xsd/surefire-test-report.xsd" version="3.0.2" name="com.telecom.telecom_service_provisioning.TelecomServiceProvisioningApplicationTests" time="9.269" tests="1" errors="0" skipped="0" failures="0">
  <properties>
[...]
</properties>
  <testcase name="contextLoads" classname="com.telecom.telecom_service_provisioning.TelecomServiceProvisioningApplicationTests" time="1.034">
    <system-out><![CDATA[18:09:16.178 [main] INFO org.springframework.test.context.support.AnnotationConfigContextLoaderUtils -- Could not detect default configuration classes for test class [com.telecom.telecom_service_provisioning.TelecomServiceProvisioningApplicationTests]: TelecomServiceProvisioningApplicationTests does not declare any static, non-private, non-final, nested classes annotated with @Configuration.
18:09:16.410 [main] INFO org.springframework.boot.test.context.SpringBootTestContextBootstrapper -- Found @SpringBootConfiguration com.telecom.telecom_service_provisioning.TelecomServiceProvisioningApplication for test class com.telecom.telecom_service_provisioning.TelecomServiceProvisioningApplicationTests
18:09:16.613 [main] INFO org.springframework.boot.devtools.restart.RestartApplicationListener -- Restart disabled due to context in which it is running

  .   ____          _            __ _ _
 /\\ / ___'_ __ _ _(_)_ __  __ _ \ \ \ \
( ( )\___ | '_ | '_| | '_ \/ _` | \ \ \ \
 \\/  ___)| |_)| | | | | || (_| |  ) ) ) )
  '  |____| .__|_| |_|_| |_\__, | / / / /
 =========|_|==============|___/=/_/_/_/

&amp#27;[32m :: Spring Boot :: &amp#27;[39m     &amp#27;[2m (v3.4.0-SNAPSHOT)&amp#27;[0;39m

&amp#27;[2m2024-09-10T18:09:16.971+05:30&amp#27;[0;39m &amp#27;[32m INFO&amp#27;[0;39m &amp#27;[35m18628&amp#27;[0;39m &amp#27;[2m--- [TelecomServiceProvisioing] [           main] &amp#27;[0;39m&amp#27;[36mlecomServiceProvisioningApplicationTests&amp#27;[0;39m &amp#27;[2m:&amp#27;[0;39m Starting TelecomServiceProvisioningApplicationTests using Java 17.0.11 with PID 18628 (started by e039326 in C:\Users\e039326\Downloads\Project\telecom-service-provisioning)
&amp#27;[2m2024-09-10T18:09:16.975+05:30&amp#27;[0;39m &amp#27;[32m INFO&amp#27;[0;39m &amp#27;[35m18628&amp#27;[0;39m &amp#27;[2m--- [TelecomServiceProvisioing] [           main] &amp#27;[0;39m&amp#27;[36mlecomServiceProvisioningApplicationTests&amp#27;[0;39m &amp#27;[2m:&amp#27;[0;39m No active profile set, falling back to 1 default profile: "default"
&amp#27;[2m2024-09-10T18:09:18.315+05:30&amp#27;[0;39m &amp#27;[32m INFO&amp#27;[0;39m &amp#27;[35m18628&amp#27;[0;39m &amp#27;[2m--- [TelecomServiceProvisioing] [           main] &amp#27;[0;39m&amp#27;[36m.s.d.r.c.RepositoryConfigurationDelegate&amp#27;[0;39m &amp#27;[2m:&amp#27;[0;39m Bootstrapping Spring Data JPA repositories in DEFAULT mode.
&amp#27;[2m2024-09-10T18:09:18.416+05:30&amp#27;[0;39m &amp#27;[32m INFO&amp#27;[0;39m &amp#27;[35m18628&amp#27;[0;39m &amp#27;[2m--- [TelecomServiceProvisioing] [           main] &amp#27;[0;39m&amp#27;[36m.s.d.r.c.RepositoryConfigurationDelegate&amp#27;[0;39m &amp#27;[2m:&amp#27;[0;39m Finished Spring Data repository scanning in 88 ms. Found 6 JPA repository interfaces.
&amp#27;[2m2024-09-10T18:09:19.045+05:30&amp#27;[0;39m &amp#27;[32m INFO&amp#27;[0;39m &amp#27;[35m18628&amp#27;[0;39m &amp#27;[2m--- [TelecomServiceProvisioing] [           main] &amp#27;[0;39m&amp#27;[36mo.hibernate.jpa.internal.util.LogHelper &amp#27;[0;39m &amp#27;[2m:&amp#27;[0;39m HHH000204: Processing PersistenceUnitInfo [name: default]
&amp#27;[2m2024-09-10T18:09:19.148+05:30&amp#27;[0;39m &amp#27;[32m INFO&amp#27;[0;39m &amp#27;[35m18628&amp#27;[0;39m &amp#27;[2m--- [TelecomServiceProvisioing] [           main] &amp#27;[0;39m&amp#27;[36morg.hibernate.Version                   &amp#27;[0;39m &amp#27;[2m:&amp#27;[0;39m HHH000412: Hibernate ORM core version 6.6.0.Final
&amp#27;[2m2024-09-10T18:09:19.195+05:30&amp#27;[0;39m &amp#27;[32m INFO&amp#27;[0;39m &amp#27;[35m18628&amp#27;[0;39m &amp#27;[2m--- [TelecomServiceProvisioing] [           main] &amp#27;[0;39m&amp#27;[36mo.h.c.internal.RegionFactoryInitiator   &amp#27;[0;39m &amp#27;[2m:&amp#27;[0;39m HHH000026: Second-level cache disabled
&amp#27;[2m2024-09-10T18:09:19.779+05:30&amp#27;[0;39m &amp#27;[32m INFO&amp#27;[0;39m &amp#27;[35m18628&amp#27;[0;39m &amp#27;[2m--- [TelecomServiceProvisioing] [           main] &amp#27;[0;39m&amp#27;[36mo.s.o.j.p.SpringPersistenceUnitInfo     &amp#27;[0;39m &amp#27;[2m:&amp#27;[0;39m No LoadTimeWeaver setup: ignoring JPA class transformer
&amp#27;[2m2024-09-10T18:09:19.829+05:30&amp#27;[0;39m &amp#27;[32m INFO&amp#27;[0;39m &amp#27;[35m18628&amp#27;[0;39m &amp#27;[2m--- [TelecomServiceProvisioing] [           main] &amp#27;[0;39m&amp#27;[36mcom.zaxxer.hikari.HikariDataSource      &amp#27;[0;39m &amp#27;[2m:&amp#27;[0;39m HikariPool-1 - Starting...
&amp#27;[2m2024-09-10T18:09:20.080+05:30&amp#27;[0;39m &amp#27;[32m INFO&amp#27;[0;39m &amp#27;[35m18628&amp#27;[0;39m &amp#27;[2m--- [TelecomServiceProvisioing] [           main] &amp#27;[0;39m&amp#27;[36mcom.zaxxer.hikari.pool.HikariPool       &amp#27;[0;39m &amp#27;[2m:&amp#27;[0;39m HikariPool-1 - Added connection com.mysql.cj.jdbc.ConnectionImpl@4ca970d5
&amp#27;[2m2024-09-10T18:09:20.081+05:30&amp#27;[0;39m &amp#27;[32m INFO&amp#27;[0;39m &amp#27;[35m18628&amp#27;[0;39m &amp#27;[2m--- [TelecomServiceProvisioing] [           main] &amp#27;[0;39m&amp#27;[36mcom.zaxxer.hikari.HikariDataSource      &amp#27;[0;39m &amp#27;[2m:&amp#27;[0;39m HikariPool-1 - Start completed.
&amp#27;[2m2024-09-10T18:09:20.145+05:30&amp#27;[0;39m &amp#27;[33m WARN&amp#27;[0;39m &amp#27;[35m18628&amp#27;[0;39m &amp#27;[2m--- [TelecomServiceProvisioing] [           main] &amp#27;[0;39m&amp#27;[36morg.hibernate.orm.deprecation           &amp#27;[0;39m &amp#27;[2m:&amp#27;[0;39m HHH90000025: MySQLDialect does not need to be specified explicitly using 'hibernate.dialect' (remove the property setting and it will be selected by default)
&amp#27;[2m2024-09-10T18:09:20.162+05:30&amp#27;[0;39m &amp#27;[32m INFO&amp#27;[0;39m &amp#27;[35m18628&amp#27;[0;39m &amp#27;[2m--- [TelecomServiceProvisioing] [           main] &amp#27;[0;39m&amp#27;[36morg.hibernate.orm.connections.pooling   &amp#27;[0;39m &amp#27;[2m:&amp#27;[0;39m HHH10001005: Database info:
	Database JDBC URL [Connecting through datasourcenull]
	Database driver: undefined/unknown
	Database version: 8.0.39
	Autocommit mode: undefined/unknown
	Isolation level: undefined/unknown
	Minimum pool size: undefined/unknown
	Maximum pool size: undefined/unknown
&amp#27;[2m2024-09-10T18:09:21.481+05:30&amp#27;[0;39m &amp#27;[32m INFO&amp#27;[0;39m &amp#27;[35m18628&amp#27;[0;39m &amp#27;[2m--- [TelecomServiceProvisioing] [           main] &amp#27;[0;39m&amp#27;[36mo.h.e.t.j.p.i.JtaPlatformInitiator      &amp#27;[0;39m &amp#27;[2m:&amp#27;[0;39m HHH000489: No JTA platform available (set 'hibernate.transaction.jta.platform' to enable JTA platform integration)
&amp#27;[2m2024-09-10T18:09:21.530+05:30&amp#27;[0;39m &amp#27;[32mDEBUG&amp#27;[0;39m &amp#27;[35m18628&amp#27;[0;39m &amp#27;[2m--- [TelecomServiceProvisioing] [           main] &amp#27;[0;39m&amp#27;[36morg.hibernate.SQL                       &amp#27;[0;39m &amp#27;[2m:&amp#27;[0;39m alter table internet_services modify column active tinyint default 1
Hibernate: alter table internet_services modify column active tinyint default 1
&amp#27;[2m2024-09-10T18:09:21.546+05:30&amp#27;[0;39m &amp#27;[32mDEBUG&amp#27;[0;39m &amp#27;[35m18628&amp#27;[0;39m &amp#27;[2m--- [TelecomServiceProvisioing] [           main] &amp#27;[0;39m&amp#27;[36morg.hibernate.SQL                       &amp#27;[0;39m &amp#27;[2m:&amp#27;[0;39m alter table internet_services_availed modify column active tinyint default 1
Hibernate: alter table internet_services_availed modify column active tinyint default 1
&amp#27;[2m2024-09-10T18:09:21.561+05:30&amp#27;[0;39m &amp#27;[32mDEBUG&amp#27;[0;39m &amp#27;[35m18628&amp#27;[0;39m &amp#27;[2m--- [TelecomServiceProvisioing] [           main] &amp#27;[0;39m&amp#27;[36morg.hibernate.SQL                       &amp#27;[0;39m &amp#27;[2m:&amp#27;[0;39m alter table pending_requests modify column active tinyint default 1
Hibernate: alter table pending_requests modify column active tinyint default 1
&amp#27;[2m2024-09-10T18:09:21.592+05:30&amp#27;[0;39m &amp#27;[32mDEBUG&amp#27;[0;39m &amp#27;[35m18628&amp#27;[0;39m &amp#27;[2m--- [TelecomServiceProvisioing] [           main] &amp#27;[0;39m&amp#27;[36morg.hibernate.SQL                       &amp#27;[0;39m &amp#27;[2m:&amp#27;[0;39m alter table pending_requests modify column request_status enum ('APPROVED','DISAPPROVED','REQUESTED')
Hibernate: alter table pending_requests modify column request_status enum ('APPROVED','DISAPPROVED','REQUESTED')
&amp#27;[2m2024-09-10T18:09:21.602+05:30&amp#27;[0;39m &amp#27;[32mDEBUG&amp#27;[0;39m &amp#27;[35m18628&amp#27;[0;39m &amp#27;[2m--- [TelecomServiceProvisioing] [           main] &amp#27;[0;39m&amp#27;[36morg.hibernate.SQL                       &amp#27;[0;39m &amp#27;[2m:&amp#27;[0;39m alter table pending_requests modify column service_type enum ('INTERNET_SERVICE','TV_SERVICE')
Hibernate: alter table pending_requests modify column service_type enum ('INTERNET_SERVICE','TV_SERVICE')
&amp#27;[2m2024-09-10T18:09:21.615+05:30&amp#27;[0;39m &amp#27;[32mDEBUG&amp#27;[0;39m &amp#27;[35m18628&amp#27;[0;39m &amp#27;[2m--- [TelecomServiceProvisioing] [           main] &amp#27;[0;39m&amp#27;[36morg.hibernate.SQL                       &amp#27;[0;39m &amp#27;[2m:&amp#27;[0;39m alter table tv_services modify column active tinyint default 1
Hibernate: alter table tv_services modify column active tinyint default 1
&amp#27;[2m2024-09-10T18:09:21.629+05:30&amp#27;[0;39m &amp#27;[32mDEBUG&amp#27;[0;39m &amp#27;[35m18628&amp#27;[0;39m &amp#27;[2m--- [TelecomServiceProvisioing] [           main] &amp#27;[0;39m&amp#27;[36morg.hibernate.SQL                       &amp#27;[0;39m &amp#27;[2m:&amp#27;[0;39m alter table tv_services_availed modify column active tinyint default 1
Hibernate: alter table tv_services_availed modify column active tinyint default 1
&amp#27;[2m2024-09-10T18:09:21.685+05:30&amp#27;[0;39m &amp#27;[32m INFO&amp#27;[0;39m &amp#27;[35m18628&amp#27;[0;39m &amp#27;[2m--- [TelecomServiceProvisioing] [           main] &amp#27;[0;39m&amp#27;[36mj.LocalContainerEntityManagerFactoryBean&amp#27;[0;39m &amp#27;[2m:&amp#27;[0;39m Initialized JPA EntityManagerFactory for persistence unit 'default'
&amp#27;[2m2024-09-10T18:09:22.182+05:30&amp#27;[0;39m &amp#27;[32m INFO&amp#27;[0;39m &amp#27;[35m18628&amp#27;[0;39m &amp#27;[2m--- [TelecomServiceProvisioing] [           main] &amp#27;[0;39m&amp#27;[36mo.s.d.j.r.query.QueryEnhancerFactory    &amp#27;[0;39m &amp#27;[2m:&amp#27;[0;39m Hibernate is in classpath; If applicable, HQL parser will be used.
&amp#27;[2m2024-09-10T18:09:22.439+05:30&amp#27;[0;39m &amp#27;[33m WARN&amp#27;[0;39m &amp#27;[35m18628&amp#27;[0;39m &amp#27;[2m--- [TelecomServiceProvisioing] [           main] &amp#27;[0;39m&amp#27;[36mJpaBaseConfiguration$JpaWebConfiguration&amp#27;[0;39m &amp#27;[2m:&amp#27;[0;39m spring.jpa.open-in-view is enabled by default. Therefore, database queries may be performed during view rendering. Explicitly configure spring.jpa.open-in-view to disable this warning
&amp#27;[2m2024-09-10T18:09:22.517+05:30&amp#27;[0;39m &amp#27;[32m INFO&amp#27;[0;39m &amp#27;[35m18628&amp#27;[0;39m &amp#27;[2m--- [TelecomServiceProvisioing] [           main] &amp#27;[0;39m&amp#27;[36meAuthenticationProviderManagerConfigurer&amp#27;[0;39m &amp#27;[2m:&amp#27;[0;39m Global AuthenticationManager configured with AuthenticationProvider bean with name authenticationProvider
&amp#27;[2m2024-09-10T18:09:22.518+05:30&amp#27;[0;39m &amp#27;[33m WARN&amp#27;[0;39m &amp#27;[35m18628&amp#27;[0;39m &amp#27;[2m--- [TelecomServiceProvisioing] [           main] &amp#27;[0;39m&amp#27;[36mr$InitializeUserDetailsManagerConfigurer&amp#27;[0;39m &amp#27;[2m:&amp#27;[0;39m Global AuthenticationManager configured with an AuthenticationProvider bean. UserDetailsService beans will not be used by Spring Security for automatically configuring username/password login. Consider removing the AuthenticationProvider bean. Alternatively, consider using the UserDetailsService in a manually instantiated DaoAuthenticationProvider. If the current configuration is intentional, to turn off this warning, increase the logging level of 'org.springframework.security.config.annotation.authentication.configuration.InitializeUserDetailsBeanManagerConfigurer' to ERROR
&amp#27;[2m2024-09-10T18:09:23.727+05:30&amp#27;[0;39m &amp#27;[32m INFO&amp#27;[0;39m &amp#27;[35m18628&amp#27;[0;39m &amp#27;[2m--- [TelecomServiceProvisioing] [           main] &amp#27;[0;39m&amp#27;[36mlecomServiceProvisioningApplicationTests&amp#27;[0;39m &amp#27;[2m:&amp#27;[0;39m Started TelecomServiceProvisioningApplicationTests in 7.131 seconds (process running for 8.791)
&amp#27;[2m2024-09-10T18:09:23.749+05:30&amp#27;[0;39m &amp#27;[32mDEBUG&amp#27;[0;39m &amp#27;[35m18628&amp#27;[0;39m &amp#27;[2m--- [TelecomServiceProvisioing] [           main] &amp#27;[0;39m&amp#27;[36mo.s.jdbc.datasource.DataSourceUtils     &amp#27;[0;39m &amp#27;[2m:&amp#27;[0;39m Setting JDBC Connection [HikariProxyConnection@617172629 wrapping com.mysql.cj.jdbc.ConnectionImpl@4ca970d5] read-only
&amp#27;[2m2024-09-10T18:09:24.147+05:30&amp#27;[0;39m &amp#27;[32mDEBUG&amp#27;[0;39m &amp#27;[35m18628&amp#27;[0;39m &amp#27;[2m--- [TelecomServiceProvisioing] [           main] &amp#27;[0;39m&amp#27;[36morg.hibernate.SQL                       &amp#27;[0;39m &amp#27;[2m:&amp#27;[0;39m select count(*) from users u1_0
Hibernate: select count(*) from users u1_0
&amp#27;[2m2024-09-10T18:09:24.165+05:30&amp#27;[0;39m &amp#27;[32mDEBUG&amp#27;[0;39m &amp#27;[35m18628&amp#27;[0;39m &amp#27;[2m--- [TelecomServiceProvisioing] [           main] &amp#27;[0;39m&amp#27;[36mo.s.jdbc.datasource.DataSourceUtils     &amp#27;[0;39m &amp#27;[2m:&amp#27;[0;39m Resetting read-only flag of JDBC Connection [HikariProxyConnection@617172629 wrapping com.mysql.cj.jdbc.ConnectionImpl@4ca970d5]
&amp#27;[2m2024-09-10T18:09:24.165+05:30&amp#27;[0;39m &amp#27;[32m INFO&amp#27;[0;39m &amp#27;[35m18628&amp#27;[0;39m &amp#27;[2m--- [TelecomServiceProvisioing] [           main] &amp#27;[0;39m&amp#27;[36mc.t.t.i.AdminUserInitializer            &amp#27;[0;39m &amp#27;[2m:&amp#27;[0;39m User table is not empty. No admin user created.
]]></system-out>
  </testcase>
</testsuite>