<?xml version="1.0" encoding="UTF-8"?>
<testsuite xmlns:xsi="http://www.w3.org/2001/XMLSchema-instance" xsi:noNamespaceSchemaLocation="https://maven.apache.org/surefire/maven-surefire-plugin/xsd/surefire-test-report.xsd" version="3.0.2" name="com.telecom.telecom_service_provisioning.service_testing.AdminServiceImplTest" time="7.719" tests="12" errors="0" skipped="0" failures="0">
  <properties>
[...]
</properties>
  <testcase name="testTerminateInternetServiceSuccess" classname="com.telecom.telecom_service_provisioning.service_testing.AdminServiceImplTest" time="0.008">
    <system-out><![CDATA[08:53:04.288 [main] INFO org.springframework.test.context.support.AnnotationConfigContextLoaderUtils -- Could not detect default configuration classes for test class [com.telecom.telecom_service_provisioning.service_testing.AdminServiceImplTest]: AdminServiceImplTest does not declare any static, non-private, non-final, nested classes annotated with @Configuration.
08:53:04.540 [main] INFO org.springframework.boot.test.context.SpringBootTestContextBootstrapper -- Found @SpringBootConfiguration com.telecom.telecom_service_provisioning.TelecomServiceProvisioningApplication for test class com.telecom.telecom_service_provisioning.service_testing.AdminServiceImplTest
08:53:04.629 [main] INFO org.springframework.boot.devtools.restart.RestartApplicationListener -- Restart disabled due to context in which it is running

  .   ____          _            __ _ _
 /\\ / ___'_ __ _ _(_)_ __  __ _ \ \ \ \
( ( )\___ | '_ | '_| | '_ \/ _` | \ \ \ \
 \\/  ___)| |_)| | | | | || (_| |  ) ) ) )
  '  |____| .__|_| |_|_| |_\__, | / / / /
 =========|_|==============|___/=/_/_/_/

&amp#27;[32m :: Spring Boot :: &amp#27;[39m     &amp#27;[2m (v3.4.0-SNAPSHOT)&amp#27;[0;39m

&amp#27;[2m2024-09-23T08:53:04.987+05:30&amp#27;[0;39m &amp#27;[32m INFO&amp#27;[0;39m &amp#27;[35m108084&amp#27;[0;39m &amp#27;[2m--- [telecom-service] [           main] &amp#27;[0;39m&amp#27;[36mc.t.t.s.AdminServiceImplTest            &amp#27;[0;39m &amp#27;[2m:&amp#27;[0;39m Starting AdminServiceImplTest using Java 17.0.11 with PID 108084 (started by e039326 in C:\Users\e039326\Downloads\Project\telecom-service-provisioning)
&amp#27;[2m2024-09-23T08:53:04.990+05:30&amp#27;[0;39m &amp#27;[32m INFO&amp#27;[0;39m &amp#27;[35m108084&amp#27;[0;39m &amp#27;[2m--- [telecom-service] [           main] &amp#27;[0;39m&amp#27;[36mc.t.t.s.AdminServiceImplTest            &amp#27;[0;39m &amp#27;[2m:&amp#27;[0;39m No active profile set, falling back to 1 default profile: "default"
&amp#27;[2m2024-09-23T08:53:06.242+05:30&amp#27;[0;39m &amp#27;[32m INFO&amp#27;[0;39m &amp#27;[35m108084&amp#27;[0;39m &amp#27;[2m--- [telecom-service] [           main] &amp#27;[0;39m&amp#27;[36m.s.d.r.c.RepositoryConfigurationDelegate&amp#27;[0;39m &amp#27;[2m:&amp#27;[0;39m Bootstrapping Spring Data JPA repositories in DEFAULT mode.
&amp#27;[2m2024-09-23T08:53:06.369+05:30&amp#27;[0;39m &amp#27;[32m INFO&amp#27;[0;39m &amp#27;[35m108084&amp#27;[0;39m &amp#27;[2m--- [telecom-service] [           main] &amp#27;[0;39m&amp#27;[36m.s.d.r.c.RepositoryConfigurationDelegate&amp#27;[0;39m &amp#27;[2m:&amp#27;[0;39m Finished Spring Data repository scanning in 111 ms. Found 8 JPA repository interfaces.
&amp#27;[2m2024-09-23T08:53:07.029+05:30&amp#27;[0;39m &amp#27;[32m INFO&amp#27;[0;39m &amp#27;[35m108084&amp#27;[0;39m &amp#27;[2m--- [telecom-service] [           main] &amp#27;[0;39m&amp#27;[36mo.hibernate.jpa.internal.util.LogHelper &amp#27;[0;39m &amp#27;[2m:&amp#27;[0;39m HHH000204: Processing PersistenceUnitInfo [name: default]
&amp#27;[2m2024-09-23T08:53:07.120+05:30&amp#27;[0;39m &amp#27;[32m INFO&amp#27;[0;39m &amp#27;[35m108084&amp#27;[0;39m &amp#27;[2m--- [telecom-service] [           main] &amp#27;[0;39m&amp#27;[36morg.hibernate.Version                   &amp#27;[0;39m &amp#27;[2m:&amp#27;[0;39m HHH000412: Hibernate ORM core version 6.6.1.Final
&amp#27;[2m2024-09-23T08:53:07.176+05:30&amp#27;[0;39m &amp#27;[32m INFO&amp#27;[0;39m &amp#27;[35m108084&amp#27;[0;39m &amp#27;[2m--- [telecom-service] [           main] &amp#27;[0;39m&amp#27;[36mo.h.c.internal.RegionFactoryInitiator   &amp#27;[0;39m &amp#27;[2m:&amp#27;[0;39m HHH000026: Second-level cache disabled
&amp#27;[2m2024-09-23T08:53:07.371+05:30&amp#27;[0;39m &amp#27;[32m INFO&amp#27;[0;39m &amp#27;[35m108084&amp#27;[0;39m &amp#27;[2m--- [telecom-service] [           main] &amp#27;[0;39m&amp#27;[36mo.s.o.j.p.SpringPersistenceUnitInfo     &amp#27;[0;39m &amp#27;[2m:&amp#27;[0;39m No LoadTimeWeaver setup: ignoring JPA class transformer
&amp#27;[2m2024-09-23T08:53:07.415+05:30&amp#27;[0;39m &amp#27;[32m INFO&amp#27;[0;39m &amp#27;[35m108084&amp#27;[0;39m &amp#27;[2m--- [telecom-service] [           main] &amp#27;[0;39m&amp#27;[36mcom.zaxxer.hikari.HikariDataSource      &amp#27;[0;39m &amp#27;[2m:&amp#27;[0;39m HikariPool-1 - Starting...
&amp#27;[2m2024-09-23T08:53:07.653+05:30&amp#27;[0;39m &amp#27;[32m INFO&amp#27;[0;39m &amp#27;[35m108084&amp#27;[0;39m &amp#27;[2m--- [telecom-service] [           main] &amp#27;[0;39m&amp#27;[36mcom.zaxxer.hikari.pool.HikariPool       &amp#27;[0;39m &amp#27;[2m:&amp#27;[0;39m HikariPool-1 - Added connection com.mysql.cj.jdbc.ConnectionImpl@6385af63
&amp#27;[2m2024-09-23T08:53:07.657+05:30&amp#27;[0;39m &amp#27;[32m INFO&amp#27;[0;39m &amp#27;[35m108084&amp#27;[0;39m &amp#27;[2m--- [telecom-service] [           main] &amp#27;[0;39m&amp#27;[36mcom.zaxxer.hikari.HikariDataSource      &amp#27;[0;39m &amp#27;[2m:&amp#27;[0;39m HikariPool-1 - Start completed.
&amp#27;[2m2024-09-23T08:53:07.725+05:30&amp#27;[0;39m &amp#27;[33m WARN&amp#27;[0;39m &amp#27;[35m108084&amp#27;[0;39m &amp#27;[2m--- [telecom-service] [           main] &amp#27;[0;39m&amp#27;[36morg.hibernate.orm.deprecation           &amp#27;[0;39m &amp#27;[2m:&amp#27;[0;39m HHH90000025: MySQLDialect does not need to be specified explicitly using 'hibernate.dialect' (remove the property setting and it will be selected by default)
&amp#27;[2m2024-09-23T08:53:07.748+05:30&amp#27;[0;39m &amp#27;[32m INFO&amp#27;[0;39m &amp#27;[35m108084&amp#27;[0;39m &amp#27;[2m--- [telecom-service] [           main] &amp#27;[0;39m&amp#27;[36morg.hibernate.orm.connections.pooling   &amp#27;[0;39m &amp#27;[2m:&amp#27;[0;39m HHH10001005: Database info:
	Database JDBC URL [Connecting through datasource 'HikariDataSource (HikariPool-1)']
	Database driver: undefined/unknown
	Database version: 8.0.39
	Autocommit mode: undefined/unknown
	Isolation level: undefined/unknown
	Minimum pool size: undefined/unknown
	Maximum pool size: undefined/unknown
&amp#27;[2m2024-09-23T08:53:08.769+05:30&amp#27;[0;39m &amp#27;[32m INFO&amp#27;[0;39m &amp#27;[35m108084&amp#27;[0;39m &amp#27;[2m--- [telecom-service] [           main] &amp#27;[0;39m&amp#27;[36mo.h.e.t.j.p.i.JtaPlatformInitiator      &amp#27;[0;39m &amp#27;[2m:&amp#27;[0;39m HHH000489: No JTA platform available (set 'hibernate.transaction.jta.platform' to enable JTA platform integration)
&amp#27;[2m2024-09-23T08:53:08.822+05:30&amp#27;[0;39m &amp#27;[32mDEBUG&amp#27;[0;39m &amp#27;[35m108084&amp#27;[0;39m &amp#27;[2m--- [telecom-service] [           main] &amp#27;[0;39m&amp#27;[36morg.hibernate.SQL                       &amp#27;[0;39m &amp#27;[2m:&amp#27;[0;39m alter table internet_services modify column active tinyint default 1
Hibernate: alter table internet_services modify column active tinyint default 1
&amp#27;[2m2024-09-23T08:53:08.845+05:30&amp#27;[0;39m &amp#27;[32mDEBUG&amp#27;[0;39m &amp#27;[35m108084&amp#27;[0;39m &amp#27;[2m--- [telecom-service] [           main] &amp#27;[0;39m&amp#27;[36morg.hibernate.SQL                       &amp#27;[0;39m &amp#27;[2m:&amp#27;[0;39m alter table internet_services_availed modify column active tinyint default 1
Hibernate: alter table internet_services_availed modify column active tinyint default 1
&amp#27;[2m2024-09-23T08:53:08.859+05:30&amp#27;[0;39m &amp#27;[32mDEBUG&amp#27;[0;39m &amp#27;[35m108084&amp#27;[0;39m &amp#27;[2m--- [telecom-service] [           main] &amp#27;[0;39m&amp#27;[36morg.hibernate.SQL                       &amp#27;[0;39m &amp#27;[2m:&amp#27;[0;39m alter table pending_requests modify column active tinyint default 1
Hibernate: alter table pending_requests modify column active tinyint default 1
&amp#27;[2m2024-09-23T08:53:08.870+05:30&amp#27;[0;39m &amp#27;[32mDEBUG&amp#27;[0;39m &amp#27;[35m108084&amp#27;[0;39m &amp#27;[2m--- [telecom-service] [           main] &amp#27;[0;39m&amp#27;[36morg.hibernate.SQL                       &amp#27;[0;39m &amp#27;[2m:&amp#27;[0;39m alter table pending_requests modify column request_status enum ('APPROVED','DISAPPROVED','REQUESTED')
Hibernate: alter table pending_requests modify column request_status enum ('APPROVED','DISAPPROVED','REQUESTED')
&amp#27;[2m2024-09-23T08:53:08.880+05:30&amp#27;[0;39m &amp#27;[32mDEBUG&amp#27;[0;39m &amp#27;[35m108084&amp#27;[0;39m &amp#27;[2m--- [telecom-service] [           main] &amp#27;[0;39m&amp#27;[36morg.hibernate.SQL                       &amp#27;[0;39m &amp#27;[2m:&amp#27;[0;39m alter table pending_requests modify column service_type enum ('INTERNET_SERVICE','TV_SERVICE')
Hibernate: alter table pending_requests modify column service_type enum ('INTERNET_SERVICE','TV_SERVICE')
&amp#27;[2m2024-09-23T08:53:08.893+05:30&amp#27;[0;39m &amp#27;[32mDEBUG&amp#27;[0;39m &amp#27;[35m108084&amp#27;[0;39m &amp#27;[2m--- [telecom-service] [           main] &amp#27;[0;39m&amp#27;[36morg.hibernate.SQL                       &amp#27;[0;39m &amp#27;[2m:&amp#27;[0;39m alter table tv_services modify column active tinyint default 1
Hibernate: alter table tv_services modify column active tinyint default 1
&amp#27;[2m2024-09-23T08:53:08.906+05:30&amp#27;[0;39m &amp#27;[32mDEBUG&amp#27;[0;39m &amp#27;[35m108084&amp#27;[0;39m &amp#27;[2m--- [telecom-service] [           main] &amp#27;[0;39m&amp#27;[36morg.hibernate.SQL                       &amp#27;[0;39m &amp#27;[2m:&amp#27;[0;39m alter table tv_services_availed modify column active tinyint default 1
Hibernate: alter table tv_services_availed modify column active tinyint default 1
&amp#27;[2m2024-09-23T08:53:08.983+05:30&amp#27;[0;39m &amp#27;[32m INFO&amp#27;[0;39m &amp#27;[35m108084&amp#27;[0;39m &amp#27;[2m--- [telecom-service] [           main] &amp#27;[0;39m&amp#27;[36mj.LocalContainerEntityManagerFactoryBean&amp#27;[0;39m &amp#27;[2m:&amp#27;[0;39m Initialized JPA EntityManagerFactory for persistence unit 'default'
&amp#27;[2m2024-09-23T08:53:09.570+05:30&amp#27;[0;39m &amp#27;[32m INFO&amp#27;[0;39m &amp#27;[35m108084&amp#27;[0;39m &amp#27;[2m--- [telecom-service] [           main] &amp#27;[0;39m&amp#27;[36mo.s.d.j.r.query.QueryEnhancerFactory    &amp#27;[0;39m &amp#27;[2m:&amp#27;[0;39m Hibernate is in classpath; If applicable, HQL parser will be used.
&amp#27;[2m2024-09-23T08:53:10.547+05:30&amp#27;[0;39m &amp#27;[33m WARN&amp#27;[0;39m &amp#27;[35m108084&amp#27;[0;39m &amp#27;[2m--- [telecom-service] [           main] &amp#27;[0;39m&amp#27;[36mJpaBaseConfiguration$JpaWebConfiguration&amp#27;[0;39m &amp#27;[2m:&amp#27;[0;39m spring.jpa.open-in-view is enabled by default. Therefore, database queries may be performed during view rendering. Explicitly configure spring.jpa.open-in-view to disable this warning
&amp#27;[2m2024-09-23T08:53:10.613+05:30&amp#27;[0;39m &amp#27;[32m INFO&amp#27;[0;39m &amp#27;[35m108084&amp#27;[0;39m &amp#27;[2m--- [telecom-service] [           main] &amp#27;[0;39m&amp#27;[36meAuthenticationProviderManagerConfigurer&amp#27;[0;39m &amp#27;[2m:&amp#27;[0;39m Global AuthenticationManager configured with AuthenticationProvider bean with name authenticationProvider
&amp#27;[2m2024-09-23T08:53:10.614+05:30&amp#27;[0;39m &amp#27;[33m WARN&amp#27;[0;39m &amp#27;[35m108084&amp#27;[0;39m &amp#27;[2m--- [telecom-service] [           main] &amp#27;[0;39m&amp#27;[36mr$InitializeUserDetailsManagerConfigurer&amp#27;[0;39m &amp#27;[2m:&amp#27;[0;39m Global AuthenticationManager configured with an AuthenticationProvider bean. UserDetailsService beans will not be used by Spring Security for automatically configuring username/password login. Consider removing the AuthenticationProvider bean. Alternatively, consider using the UserDetailsService in a manually instantiated DaoAuthenticationProvider. If the current configuration is intentional, to turn off this warning, increase the logging level of 'org.springframework.security.config.annotation.authentication.configuration.InitializeUserDetailsBeanManagerConfigurer' to ERROR
&amp#27;[2m2024-09-23T08:53:11.408+05:30&amp#27;[0;39m &amp#27;[32m INFO&amp#27;[0;39m &amp#27;[35m108084&amp#27;[0;39m &amp#27;[2m--- [telecom-service] [           main] &amp#27;[0;39m&amp#27;[36mc.t.t.s.AdminServiceImplTest            &amp#27;[0;39m &amp#27;[2m:&amp#27;[0;39m Started AdminServiceImplTest in 6.791 seconds (process running for 14.179)
&amp#27;[2m2024-09-23T08:53:11.428+05:30&amp#27;[0;39m &amp#27;[32mDEBUG&amp#27;[0;39m &amp#27;[35m108084&amp#27;[0;39m &amp#27;[2m--- [telecom-service] [           main] &amp#27;[0;39m&amp#27;[36mo.s.jdbc.datasource.DataSourceUtils     &amp#27;[0;39m &amp#27;[2m:&amp#27;[0;39m Setting JDBC Connection [HikariProxyConnection@80200326 wrapping com.mysql.cj.jdbc.ConnectionImpl@6385af63] read-only
&amp#27;[2m2024-09-23T08:53:11.530+05:30&amp#27;[0;39m &amp#27;[32mDEBUG&amp#27;[0;39m &amp#27;[35m108084&amp#27;[0;39m &amp#27;[2m--- [telecom-service] [           main] &amp#27;[0;39m&amp#27;[36morg.hibernate.SQL                       &amp#27;[0;39m &amp#27;[2m:&amp#27;[0;39m select count(*) from users u1_0
Hibernate: select count(*) from users u1_0
&amp#27;[2m2024-09-23T08:53:11.569+05:30&amp#27;[0;39m &amp#27;[32mDEBUG&amp#27;[0;39m &amp#27;[35m108084&amp#27;[0;39m &amp#27;[2m--- [telecom-service] [           main] &amp#27;[0;39m&amp#27;[36mo.s.jdbc.datasource.DataSourceUtils     &amp#27;[0;39m &amp#27;[2m:&amp#27;[0;39m Resetting read-only flag of JDBC Connection [HikariProxyConnection@80200326 wrapping com.mysql.cj.jdbc.ConnectionImpl@6385af63]
&amp#27;[2m2024-09-23T08:53:11.570+05:30&amp#27;[0;39m &amp#27;[32m INFO&amp#27;[0;39m &amp#27;[35m108084&amp#27;[0;39m &amp#27;[2m--- [telecom-service] [           main] &amp#27;[0;39m&amp#27;[36mc.t.t.i.AdminUserInitializer            &amp#27;[0;39m &amp#27;[2m:&amp#27;[0;39m User table is not empty. No admin user created.
]]></system-out>
  </testcase>
  <testcase name="testCreateTvService" classname="com.telecom.telecom_service_provisioning.service_testing.AdminServiceImplTest" time="0.008"/>
  <testcase name="testTerminateInternetServiceNotFound" classname="com.telecom.telecom_service_provisioning.service_testing.AdminServiceImplTest" time="0.007"/>
  <testcase name="testCreateInternetService" classname="com.telecom.telecom_service_provisioning.service_testing.AdminServiceImplTest" time="0.033"/>
  <testcase name="testGetAllTvServices" classname="com.telecom.telecom_service_provisioning.service_testing.AdminServiceImplTest" time="0.008"/>
  <testcase name="testUpdateInternetService" classname="com.telecom.telecom_service_provisioning.service_testing.AdminServiceImplTest" time="0.008"/>
  <testcase name="testGetMostAvailedInternetService" classname="com.telecom.telecom_service_provisioning.service_testing.AdminServiceImplTest" time="0.008"/>
  <testcase name="testGetAllFeedbacks" classname="com.telecom.telecom_service_provisioning.service_testing.AdminServiceImplTest" time="0.008"/>
  <testcase name="testGetMostAvailedTvService" classname="com.telecom.telecom_service_provisioning.service_testing.AdminServiceImplTest" time="0.008"/>
  <testcase name="testTerminateTvServiceSuccess" classname="com.telecom.telecom_service_provisioning.service_testing.AdminServiceImplTest" time="0.006"/>
  <testcase name="testGetAllInternetService" classname="com.telecom.telecom_service_provisioning.service_testing.AdminServiceImplTest" time="0.005"/>
  <testcase name="testTerminateTvServiceNotFound" classname="com.telecom.telecom_service_provisioning.service_testing.AdminServiceImplTest" time="0.008"/>
</testsuite>