<?xml version="1.0" encoding="UTF-8"?>
<testsuite xmlns:xsi="http://www.w3.org/2001/XMLSchema-instance" xsi:noNamespaceSchemaLocation="https://maven.apache.org/surefire/maven-surefire-plugin/xsd/surefire-test-report.xsd" version="3.0.2" name="com.telecom.telecom_service_provisioning.AdminControllerTest" time="11.624" tests="13" errors="0" skipped="0" failures="0">
  <properties>
[...]
</properties>
  <testcase name="testTerminateInternetService" classname="com.telecom.telecom_service_provisioning.AdminControllerTest" time="8.592">
    <system-out><![CDATA[09:06:29.779 [main] INFO org.springframework.mock.web.MockServletContext -- Initializing Spring TestDispatcherServlet ''
09:06:29.789 [main] INFO org.springframework.test.web.servlet.TestDispatcherServlet -- Initializing Servlet ''
09:06:29.810 [main] INFO org.springframework.test.web.servlet.TestDispatcherServlet -- Completed initialization in 14 ms
]]></system-out>
  </testcase>
  <testcase name="testGetAllTvServices" classname="com.telecom.telecom_service_provisioning.AdminControllerTest" time="0.871">
    <system-out><![CDATA[09:06:30.754 [main] INFO org.springframework.mock.web.MockServletContext -- Initializing Spring TestDispatcherServlet ''
09:06:30.755 [main] INFO org.springframework.test.web.servlet.TestDispatcherServlet -- Initializing Servlet ''
09:06:30.756 [main] INFO org.springframework.test.web.servlet.TestDispatcherServlet -- Completed initialization in 1 ms
09:06:30.814 [main] INFO com.telecom.telecom_service_provisioning.controller.AdminController -- Retrieving all the tv services
]]></system-out>
  </testcase>
  <testcase name="testGetFeedbacks" classname="com.telecom.telecom_service_provisioning.AdminControllerTest" time="0.421">
    <system-out><![CDATA[09:06:31.473 [main] INFO org.springframework.mock.web.MockServletContext -- Initializing Spring TestDispatcherServlet ''
09:06:31.474 [main] INFO org.springframework.test.web.servlet.TestDispatcherServlet -- Initializing Servlet ''
09:06:31.475 [main] INFO org.springframework.test.web.servlet.TestDispatcherServlet -- Completed initialization in 1 ms
09:06:31.477 [main] INFO com.telecom.telecom_service_provisioning.controller.AdminController -- Retrieving all the feedbacks
]]></system-out>
  </testcase>
  <testcase name="testGetAllInternetServices" classname="com.telecom.telecom_service_provisioning.AdminControllerTest" time="0.118">
    <system-out><![CDATA[09:06:31.891 [main] INFO org.springframework.mock.web.MockServletContext -- Initializing Spring TestDispatcherServlet ''
09:06:31.892 [main] INFO org.springframework.test.web.servlet.TestDispatcherServlet -- Initializing Servlet ''
09:06:31.893 [main] INFO org.springframework.test.web.servlet.TestDispatcherServlet -- Completed initialization in 0 ms
]]></system-out>
  </testcase>
  <testcase name="testUpdateInternetService" classname="com.telecom.telecom_service_provisioning.AdminControllerTest" time="0.289">
    <system-out><![CDATA[09:06:31.991 [main] INFO org.springframework.mock.web.MockServletContext -- Initializing Spring TestDispatcherServlet ''
09:06:31.991 [main] INFO org.springframework.test.web.servlet.TestDispatcherServlet -- Initializing Servlet ''
09:06:31.992 [main] INFO org.springframework.test.web.servlet.TestDispatcherServlet -- Completed initialization in 1 ms
]]></system-out>
  </testcase>
  <testcase name="testUpdatePendingRequest" classname="com.telecom.telecom_service_provisioning.AdminControllerTest" time="0.238">
    <system-out><![CDATA[09:06:32.303 [main] INFO org.springframework.mock.web.MockServletContext -- Initializing Spring TestDispatcherServlet ''
09:06:32.304 [main] INFO org.springframework.test.web.servlet.TestDispatcherServlet -- Initializing Servlet ''
09:06:32.307 [main] INFO org.springframework.test.web.servlet.TestDispatcherServlet -- Completed initialization in 1 ms
09:06:32.434 [main] INFO com.telecom.telecom_service_provisioning.controller.AdminController -- Updating pending request
]]></system-out>
  </testcase>
  <testcase name="testGetAllPendingRequests" classname="com.telecom.telecom_service_provisioning.AdminControllerTest" time="0.1">
    <system-out><![CDATA[09:06:32.535 [main] INFO org.springframework.mock.web.MockServletContext -- Initializing Spring TestDispatcherServlet ''
09:06:32.535 [main] INFO org.springframework.test.web.servlet.TestDispatcherServlet -- Initializing Servlet ''
09:06:32.537 [main] INFO org.springframework.test.web.servlet.TestDispatcherServlet -- Completed initialization in 1 ms
09:06:32.544 [main] INFO com.telecom.telecom_service_provisioning.controller.AdminController -- Calling getAllpendingRequests service
]]></system-out>
  </testcase>
  <testcase name="testMostAvailedTvServices" classname="com.telecom.telecom_service_provisioning.AdminControllerTest" time="0.155">
    <system-out><![CDATA[09:06:32.715 [main] INFO org.springframework.mock.web.MockServletContext -- Initializing Spring TestDispatcherServlet ''
09:06:32.717 [main] INFO org.springframework.test.web.servlet.TestDispatcherServlet -- Initializing Servlet ''
09:06:32.718 [main] INFO org.springframework.test.web.servlet.TestDispatcherServlet -- Completed initialization in 0 ms
09:06:32.725 [main] INFO com.telecom.telecom_service_provisioning.controller.AdminController -- Retrieving most availed tv services
]]></system-out>
  </testcase>
  <testcase name="testAddTvService" classname="com.telecom.telecom_service_provisioning.AdminControllerTest" time="0.261">
    <system-out><![CDATA[09:06:32.856 [main] INFO org.springframework.mock.web.MockServletContext -- Initializing Spring TestDispatcherServlet ''
09:06:32.858 [main] INFO org.springframework.test.web.servlet.TestDispatcherServlet -- Initializing Servlet ''
09:06:32.862 [main] INFO org.springframework.test.web.servlet.TestDispatcherServlet -- Completed initialization in 2 ms
TvService(serviceId=1, serviceName=Premium TV Package, description=Includes all major channels and premium content., benefits=High-definition channels and exclusive content., criteria=Available in all major cities., serviceType=Cable, active=true, cost=49.99, validity=null, createdAt=null)
]]></system-out>
  </testcase>
  <testcase name="testUpdateTvService" classname="com.telecom.telecom_service_provisioning.AdminControllerTest" time="0.148">
    <system-out><![CDATA[09:06:33.065 [main] INFO org.springframework.mock.web.MockServletContext -- Initializing Spring TestDispatcherServlet ''
09:06:33.066 [main] INFO org.springframework.test.web.servlet.TestDispatcherServlet -- Initializing Servlet ''
09:06:33.067 [main] INFO org.springframework.test.web.servlet.TestDispatcherServlet -- Completed initialization in 1 ms
09:06:33.095 [main] INFO com.telecom.telecom_service_provisioning.controller.AdminController -- Update tv service: Updating tv service: TvService(serviceId=1, serviceName=Updated Premium TV Package, description=Updated package with additional channels., benefits=Additional channels and improved content., criteria=Expanded availability., serviceType=Cable, active=true, cost=59.99, validity=null, createdAt=null)
]]></system-out>
  </testcase>
  <testcase name="testMostAvailedInternetServices" classname="com.telecom.telecom_service_provisioning.AdminControllerTest" time="0.062">
    <system-out><![CDATA[09:06:33.203 [main] INFO org.springframework.mock.web.MockServletContext -- Initializing Spring TestDispatcherServlet ''
09:06:33.204 [main] INFO org.springframework.test.web.servlet.TestDispatcherServlet -- Initializing Servlet ''
09:06:33.205 [main] INFO org.springframework.test.web.servlet.TestDispatcherServlet -- Completed initialization in 1 ms
09:06:33.207 [main] INFO com.telecom.telecom_service_provisioning.controller.AdminController -- Retrieving most availed internet services
]]></system-out>
  </testcase>
  <testcase name="testAddInternetService" classname="com.telecom.telecom_service_provisioning.AdminControllerTest" time="0.199">
    <system-out><![CDATA[09:06:33.327 [main] INFO org.springframework.mock.web.MockServletContext -- Initializing Spring TestDispatcherServlet ''
09:06:33.328 [main] INFO org.springframework.test.web.servlet.TestDispatcherServlet -- Initializing Servlet ''
09:06:33.328 [main] INFO org.springframework.test.web.servlet.TestDispatcherServlet -- Completed initialization in 0 ms
InternetService(serviceId=1, serviceName=High-Speed Internet, description=Offers high-speed internet connectivity., serviceType=Fiber, serviceDownloadSpeed=100, serviceUploadSpeed=50, benefits=High speed and reliability., criteria=Available in selected areas., active=true, cost=29.99, validity=null, createdAt=null)
]]></system-out>
  </testcase>
  <testcase name="testTerminateTvService" classname="com.telecom.telecom_service_provisioning.AdminControllerTest" time="0.07">
    <system-out><![CDATA[09:06:33.471 [main] INFO org.springframework.mock.web.MockServletContext -- Initializing Spring TestDispatcherServlet ''
09:06:33.472 [main] INFO org.springframework.test.web.servlet.TestDispatcherServlet -- Initializing Servlet ''
09:06:33.473 [main] INFO org.springframework.test.web.servlet.TestDispatcherServlet -- Completed initialization in 1 ms
09:06:33.478 [main] INFO com.telecom.telecom_service_provisioning.controller.AdminController -- Terminating the tv service
]]></system-out>
  </testcase>
</testsuite>